<?xml version="1.0" encoding="UTF-8"?>
<!-- Generated by org.testng.reporters.JUnitReportReporter -->
<testsuite hostname="WIN-GLF10487UOQ" failures="0" tests="2" name="com.sddevops.BeautyMasks.eclipse.NewTest" time="1.858" errors="0" timestamp="17 Oct 2022 19:15:42 GMT">
  <testcase classname="com.sddevops.BeautyMasks.eclipse.NewTest" name="checkTitle1" time="1.480"/>
  <testcase classname="com.sddevops.BeautyMasks.eclipse.NewTest" name="checkTitle2" time="0.378"/>
</testsuite> <!-- com.sddevops.BeautyMasks.eclipse.NewTest -->
